2012-03-15 11:07:26 Error: [MissingActionException] Action PostsController::index() could not be found.
#0 /Applications/MAMP/htdocs/blog/lib/Cake/Routing/Dispatcher.php(103): Controller->invokeAction(Object(CakeRequest))
#1 /Applications/MAMP/htdocs/blog/lib/Cake/Routing/Dispatcher.php(85): Dispatcher->_invoke(Object(PostsController), Object(CakeRequest), Object(CakeResponse))
#2 /Applications/MAMP/htdocs/blog/app/webroot/index.php(96): Dispatcher->dispatch(Object(CakeRequest), Object(CakeResponse))
#3 {main}
2012-03-15 11:09:50 Error: [MissingViewException] View file "/Applications/MAMP/htdocs/blog/app/View/Posts/index.ctp" is missing.
#0 /Applications/MAMP/htdocs/blog/lib/Cake/View/View.php(460): View->_getViewFileName(NULL)
#1 /Applications/MAMP/htdocs/blog/lib/Cake/Controller/Controller.php(962): View->render(NULL, NULL)
#2 /Applications/MAMP/htdocs/blog/lib/Cake/Routing/Dispatcher.php(110): Controller->render()
#3 /Applications/MAMP/htdocs/blog/lib/Cake/Routing/Dispatcher.php(85): Dispatcher->_invoke(Object(PostsController), Object(CakeRequest), Object(CakeResponse))
#4 /Applications/MAMP/htdocs/blog/app/webroot/index.php(96): Dispatcher->dispatch(Object(CakeRequest), Object(CakeResponse))
#5 {main}
2012-03-15 13:07:43 Error: [MissingActionException] Action PostsController::view() could not be found.
#0 /Applications/MAMP/htdocs/blog/lib/Cake/Routing/Dispatcher.php(103): Controller->invokeAction(Object(CakeRequest))
#1 /Applications/MAMP/htdocs/blog/lib/Cake/Routing/Dispatcher.php(85): Dispatcher->_invoke(Object(PostsController), Object(CakeRequest), Object(CakeResponse))
#2 /Applications/MAMP/htdocs/blog/app/webroot/index.php(96): Dispatcher->dispatch(Object(CakeRequest), Object(CakeResponse))
#3 {main}
2012-03-15 13:09:53 Error: [MissingViewException] View file "/Applications/MAMP/htdocs/blog/app/View/Posts/view.ctp" is missing.
#0 /Applications/MAMP/htdocs/blog/lib/Cake/View/View.php(460): View->_getViewFileName(NULL)
#1 /Applications/MAMP/htdocs/blog/lib/Cake/Controller/Controller.php(962): View->render(NULL, NULL)
#2 /Applications/MAMP/htdocs/blog/lib/Cake/Routing/Dispatcher.php(110): Controller->render()
#3 /Applications/MAMP/htdocs/blog/lib/Cake/Routing/Dispatcher.php(85): Dispatcher->_invoke(Object(PostsController), Object(CakeRequest), Object(CakeResponse))
#4 /Applications/MAMP/htdocs/blog/app/webroot/index.php(96): Dispatcher->dispatch(Object(CakeRequest), Object(CakeResponse))
#5 {main}
2012-03-15 13:11:16 Error: [MissingViewException] View file "/Applications/MAMP/htdocs/blog/app/View/Posts/view.ctp" is missing.
#0 /Applications/MAMP/htdocs/blog/lib/Cake/View/View.php(460): View->_getViewFileName(NULL)
#1 /Applications/MAMP/htdocs/blog/lib/Cake/Controller/Controller.php(962): View->render(NULL, NULL)
#2 /Applications/MAMP/htdocs/blog/lib/Cake/Routing/Dispatcher.php(110): Controller->render()
#3 /Applications/MAMP/htdocs/blog/lib/Cake/Routing/Dispatcher.php(85): Dispatcher->_invoke(Object(PostsController), Object(CakeRequest), Object(CakeResponse))
#4 /Applications/MAMP/htdocs/blog/app/webroot/index.php(96): Dispatcher->dispatch(Object(CakeRequest), Object(CakeResponse))
#5 {main}
2012-03-15 13:31:26 Error: [MissingControllerException] Controller class IndexController could not be found.
#0 /Applications/MAMP/htdocs/blog/app/webroot/index.php(96): Dispatcher->dispatch(Object(CakeRequest), Object(CakeResponse))
#1 {main}
